ERROR 2025-05-15 23:02:56,639 custom_drug_service 20004 39144 Error creating custom drug: 'measurement_target'
ERROR 2025-05-15 23:02:57,025 custom_drug_service 20004 39144 Invalid species ID: 99999
ERROR 2025-05-15 23:02:57,214 custom_drug_service 20004 39144 Error creating custom drug: 'measurement_target'
ERROR 2025-05-15 23:02:57,391 custom_drug_service 20004 39144 Error creating custom drug: 'measurement_target'
ERROR 2025-05-15 23:02:57,577 custom_drug_service 20004 39144 Error creating custom drug: 'measurement_target'
ERROR 2025-05-15 23:02:57,704 custom_drug_service 20004 39144 Error creating custom drug: 'measurement_target'
ERROR 2025-05-15 23:05:52,730 custom_drug_service 31280 22372 Error creating custom drug: 'measurement_target'
ERROR 2025-05-15 23:05:53,061 custom_drug_service 31280 22372 Invalid species ID: 99999
ERROR 2025-05-15 23:05:53,177 custom_drug_service 31280 22372 Error creating custom drug: 'measurement_target'
ERROR 2025-05-15 23:05:53,329 custom_drug_service 31280 22372 Error creating custom drug: 'measurement_target'
ERROR 2025-05-15 23:05:53,479 custom_drug_service 31280 22372 Error creating custom drug: 'measurement_target'
ERROR 2025-05-15 23:05:53,605 custom_drug_service 31280 22372 Error creating custom drug: 'measurement_target'
ERROR 2025-05-15 23:07:41,139 custom_drug_service 36228 29408 Error creating custom drug: 'measurement_target'
ERROR 2025-05-15 23:07:41,488 custom_drug_service 36228 29408 Invalid species ID: 99999
ERROR 2025-05-15 23:07:41,602 custom_drug_service 36228 29408 Error creating custom drug: 'measurement_target'
ERROR 2025-05-15 23:07:41,718 custom_drug_service 36228 29408 Error creating custom drug: 'measurement_target'
ERROR 2025-05-15 23:07:41,835 custom_drug_service 36228 29408 Error creating custom drug: 'measurement_target'
ERROR 2025-05-15 23:07:41,944 custom_drug_service 36228 29408 Error creating custom drug: 'measurement_target'
ERROR 2025-05-15 23:18:00,577 custom_drug_service 6592 19040 Error creating custom drug: 'measurement_target'
ERROR 2025-05-15 23:18:00,887 custom_drug_service 6592 19040 Invalid species ID: 99999
ERROR 2025-05-15 23:18:01,013 custom_drug_service 6592 19040 Error creating custom drug: 'measurement_target'
ERROR 2025-05-15 23:18:01,140 custom_drug_service 6592 19040 Error creating custom drug: 'measurement_target'
ERROR 2025-05-15 23:18:01,335 custom_drug_service 6592 19040 Error creating custom drug: 'measurement_target'
ERROR 2025-05-15 23:18:01,506 custom_drug_service 6592 19040 Error creating custom drug: 'measurement_target'
INFO 2025-05-15 23:22:43,125 custom_drug_service 35948 39416 Custom drug created: Test Drug (ID: 7) by user None
ERROR 2025-05-15 23:22:43,245 custom_drug_service 35948 39416 Invalid species ID: 99999
INFO 2025-05-15 23:22:43,373 custom_drug_service 35948 39416 Custom drug created: Test Drug (ID: 8) by user None
INFO 2025-05-15 23:22:43,381 custom_drug_service 35948 39416 Custom drug updated: Updated Drug Name (ID: 8) by user None
INFO 2025-05-15 23:22:43,503 custom_drug_service 35948 39416 Custom drug created: Test Drug (ID: 9) by user None
INFO 2025-05-15 23:22:43,696 custom_drug_service 35948 39416 Custom drug created: Test Drug (ID: 10) by user None
INFO 2025-05-15 23:22:43,699 custom_drug_service 35948 39416 Custom drug deleted: Test Drug (ID: 10) by user None
INFO 2025-05-15 23:22:43,821 custom_drug_service 35948 39416 Custom drug created: Test Drug (ID: 11) by user None
INFO 2025-05-15 23:24:00,460 custom_drug_service 3296 37088 Custom drug created: Test Drug (ID: 14) by user None
ERROR 2025-05-15 23:24:00,568 custom_drug_service 3296 37088 Invalid species ID: 99999
INFO 2025-05-15 23:24:00,697 custom_drug_service 3296 37088 Custom drug created: Test Drug (ID: 15) by user None
INFO 2025-05-15 23:24:00,708 custom_drug_service 3296 37088 Custom drug updated: Updated Drug Name (ID: 15) by user None
INFO 2025-05-15 23:24:00,827 custom_drug_service 3296 37088 Custom drug created: Test Drug (ID: 16) by user None
INFO 2025-05-15 23:24:01,034 custom_drug_service 3296 37088 Custom drug created: Test Drug (ID: 17) by user None
INFO 2025-05-15 23:24:01,038 custom_drug_service 3296 37088 Custom drug deleted: Test Drug (ID: 17) by user None
INFO 2025-05-15 23:24:01,177 custom_drug_service 3296 37088 Custom drug created: Test Drug (ID: 18) by user None
INFO 2025-05-15 23:26:08,618 custom_drug_service 37500 15012 Custom drug created: Test Drug (ID: 23) by user None
ERROR 2025-05-15 23:26:08,728 custom_drug_service 37500 15012 Invalid species ID: 99999
INFO 2025-05-15 23:26:08,867 custom_drug_service 37500 15012 Custom drug created: Test Drug (ID: 24) by user None
INFO 2025-05-15 23:26:08,875 custom_drug_service 37500 15012 Custom drug updated: Updated Drug Name (ID: 24) by user None
INFO 2025-05-15 23:26:09,008 custom_drug_service 37500 15012 Custom drug created: Test Drug (ID: 25) by user None
INFO 2025-05-15 23:26:09,211 custom_drug_service 37500 15012 Custom drug created: Test Drug (ID: 26) by user None
INFO 2025-05-15 23:26:09,214 custom_drug_service 37500 15012 Custom drug deleted: Test Drug (ID: 26) by user None
INFO 2025-05-15 23:26:09,368 custom_drug_service 37500 15012 Custom drug created: Test Drug (ID: 27) by user None
INFO 2025-05-15 23:27:55,708 custom_drug_service 28988 38372 Custom drug created: Test Drug (ID: 30) by user None
ERROR 2025-05-15 23:27:55,840 custom_drug_service 28988 38372 Invalid species ID: 99999
INFO 2025-05-15 23:27:56,008 custom_drug_service 28988 38372 Custom drug created: Test Drug (ID: 31) by user None
INFO 2025-05-15 23:27:56,018 custom_drug_service 28988 38372 Custom drug updated: Updated Drug Name (ID: 31) by user None
INFO 2025-05-15 23:27:56,161 custom_drug_service 28988 38372 Custom drug created: Test Drug (ID: 32) by user None
INFO 2025-05-15 23:27:56,400 custom_drug_service 28988 38372 Custom drug created: Test Drug (ID: 33) by user None
INFO 2025-05-15 23:27:56,404 custom_drug_service 28988 38372 Custom drug deleted: Test Drug (ID: 33) by user None
INFO 2025-05-15 23:27:56,557 custom_drug_service 28988 38372 Custom drug created: Test Drug (ID: 34) by user None
INFO 2025-05-15 23:29:25,477 custom_drug_service 37228 860 Custom drug created: Test Drug (ID: 37) by user None
ERROR 2025-05-15 23:29:25,610 custom_drug_service 37228 860 Invalid species ID: 99999
INFO 2025-05-15 23:29:25,753 custom_drug_service 37228 860 Custom drug created: Test Drug (ID: 38) by user None
INFO 2025-05-15 23:29:25,764 custom_drug_service 37228 860 Custom drug updated: Updated Drug Name (ID: 38) by user None
INFO 2025-05-15 23:29:25,908 custom_drug_service 37228 860 Custom drug created: Test Drug (ID: 39) by user None
INFO 2025-05-15 23:29:26,164 custom_drug_service 37228 860 Custom drug created: Test Drug (ID: 40) by user None
INFO 2025-05-15 23:29:26,168 custom_drug_service 37228 860 Custom drug deleted: Test Drug (ID: 40) by user None
INFO 2025-05-15 23:29:26,463 custom_drug_service 37228 860 Custom drug created: Test Drug (ID: 41) by user None
INFO 2025-05-15 23:30:03,763 custom_drug_service 9456 28688 Custom drug created: Test Drug (ID: 44) by user None
ERROR 2025-05-15 23:30:03,891 custom_drug_service 9456 28688 Invalid species ID: 99999
INFO 2025-05-15 23:30:04,034 custom_drug_service 9456 28688 Custom drug created: Test Drug (ID: 45) by user None
INFO 2025-05-15 23:30:04,042 custom_drug_service 9456 28688 Custom drug updated: Updated Drug Name (ID: 45) by user None
INFO 2025-05-15 23:30:04,167 custom_drug_service 9456 28688 Custom drug created: Test Drug (ID: 46) by user None
INFO 2025-05-15 23:30:04,383 custom_drug_service 9456 28688 Custom drug created: Test Drug (ID: 47) by user None
INFO 2025-05-15 23:30:04,386 custom_drug_service 9456 28688 Custom drug deleted: Test Drug (ID: 47) by user None
INFO 2025-05-15 23:30:04,514 custom_drug_service 9456 28688 Custom drug created: Test Drug (ID: 48) by user None
INFO 2025-05-15 23:31:04,319 autoreload 36896 40080 Watching for file changes with StatReloader
